2019-03-12 21:22:32.070  INFO 1729 --- [main] hello.Application                        : Starting Application on quentin-dell with PID 1729 (/home/quentin/projects/dse-k8-tutorial/demo-webapp/target/classes started by quentin in /home/quentin/projects/dse-k8-tutorial)
2019-03-12 21:22:32.074  INFO 1729 --- [main] hello.Application                        : No active profile set, falling back to default profiles: default
2019-03-12 21:22:33.394  WARN 1729 --- [main] ConfigServletWebServerApplicationContext : Exception encountered during context initialization - cancelling refresh attempt: org.springframework.beans.factory.UnsatisfiedDependencyException: Error creating bean with name 'application': Unsatisfied dependency expressed through field 'taskService'; nested exception is org.springframework.beans.factory.UnsatisfiedDependencyException: Error creating bean with name 'taskService': Unsatisfied dependency expressed through field 'speculativeRetry'; nested exception is org.springframework.beans.TypeMismatchException: Failed to convert value of type 'java.lang.String' to required type 'boolean'; nested exception is java.lang.IllegalArgumentException: Invalid boolean value [demo.cassandra.speculativeRetry]
2019-03-12 21:22:33.409 ERROR 1729 --- [main] o.s.boot.SpringApplication               : Application run failed

org.springframework.beans.factory.UnsatisfiedDependencyException: Error creating bean with name 'application': Unsatisfied dependency expressed through field 'taskService'; nested exception is org.springframework.beans.factory.UnsatisfiedDependencyException: Error creating bean with name 'taskService': Unsatisfied dependency expressed through field 'speculativeRetry'; nested exception is org.springframework.beans.TypeMismatchException: Failed to convert value of type 'java.lang.String' to required type 'boolean'; nested exception is java.lang.IllegalArgumentException: Invalid boolean value [demo.cassandra.speculativeRetry]
	at org.springframework.beans.factory.annotation.AutowiredAnnotationBeanPostProcessor$AutowiredFieldElement.inject(AutowiredAnnotationBeanPostProcessor.java:586)
	at org.springframework.beans.factory.annotation.InjectionMetadata.inject(InjectionMetadata.java:90)
	at org.springframework.beans.factory.annotation.AutowiredAnnotationBeanPostProcessor.postProcessPropertyValues(AutowiredAnnotationBeanPostProcessor.java:372)
	at org.springframework.beans.factory.support.AbstractAutowireCapableBeanFactory.populateBean(AbstractAutowireCapableBeanFactory.java:1341)
	at org.springframework.beans.factory.support.AbstractAutowireCapableBeanFactory.doCreateBean(AbstractAutowireCapableBeanFactory.java:572)
	at org.springframework.beans.factory.support.AbstractAutowireCapableBeanFactory.createBean(AbstractAutowireCapableBeanFactory.java:495)
	at org.springframework.beans.factory.support.AbstractBeanFactory.lambda$doGetBean$0(AbstractBeanFactory.java:317)
	at org.springframework.beans.factory.support.DefaultSingletonBeanRegistry.getSingleton(DefaultSingletonBeanRegistry.java:222)
	at org.springframework.beans.factory.support.AbstractBeanFactory.doGetBean(AbstractBeanFactory.java:315)
	at org.springframework.beans.factory.support.AbstractBeanFactory.getBean(AbstractBeanFactory.java:199)
	at org.springframework.beans.factory.support.DefaultListableBeanFactory.preInstantiateSingletons(DefaultListableBeanFactory.java:759)
	at org.springframework.context.support.AbstractApplicationContext.finishBeanFactoryInitialization(AbstractApplicationContext.java:869)
	at org.springframework.context.support.AbstractApplicationContext.refresh(AbstractApplicationContext.java:550)
	at org.springframework.boot.web.servlet.context.ServletWebServerApplicationContext.refresh(ServletWebServerApplicationContext.java:140)
	at org.springframework.boot.SpringApplication.refresh(SpringApplication.java:780)
	at org.springframework.boot.SpringApplication.refreshContext(SpringApplication.java:412)
	at org.springframework.boot.SpringApplication.run(SpringApplication.java:333)
	at org.springframework.boot.SpringApplication.run(SpringApplication.java:1277)
	at org.springframework.boot.SpringApplication.run(SpringApplication.java:1265)
	at hello.Application.main(Application.java:29)
Caused by: org.springframework.beans.factory.UnsatisfiedDependencyException: Error creating bean with name 'taskService': Unsatisfied dependency expressed through field 'speculativeRetry'; nested exception is org.springframework.beans.TypeMismatchException: Failed to convert value of type 'java.lang.String' to required type 'boolean'; nested exception is java.lang.IllegalArgumentException: Invalid boolean value [demo.cassandra.speculativeRetry]
	at org.springframework.beans.factory.annotation.AutowiredAnnotationBeanPostProcessor$AutowiredFieldElement.inject(AutowiredAnnotationBeanPostProcessor.java:586)
	at org.springframework.beans.factory.annotation.InjectionMetadata.inject(InjectionMetadata.java:90)
	at org.springframework.beans.factory.annotation.AutowiredAnnotationBeanPostProcessor.postProcessPropertyValues(AutowiredAnnotationBeanPostProcessor.java:372)
	at org.springframework.beans.factory.support.AbstractAutowireCapableBeanFactory.populateBean(AbstractAutowireCapableBeanFactory.java:1341)
	at org.springframework.beans.factory.support.AbstractAutowireCapableBeanFactory.doCreateBean(AbstractAutowireCapableBeanFactory.java:572)
	at org.springframework.beans.factory.support.AbstractAutowireCapableBeanFactory.createBean(AbstractAutowireCapableBeanFactory.java:495)
	at org.springframework.beans.factory.support.AbstractBeanFactory.lambda$doGetBean$0(AbstractBeanFactory.java:317)
	at org.springframework.beans.factory.support.DefaultSingletonBeanRegistry.getSingleton(DefaultSingletonBeanRegistry.java:222)
	at org.springframework.beans.factory.support.AbstractBeanFactory.doGetBean(AbstractBeanFactory.java:315)
	at org.springframework.beans.factory.support.AbstractBeanFactory.getBean(AbstractBeanFactory.java:199)
	at org.springframework.beans.factory.config.DependencyDescriptor.resolveCandidate(DependencyDescriptor.java:251)
	at org.springframework.beans.factory.support.DefaultListableBeanFactory.doResolveDependency(DefaultListableBeanFactory.java:1135)
	at org.springframework.beans.factory.support.DefaultListableBeanFactory.resolveDependency(DefaultListableBeanFactory.java:1062)
	at org.springframework.beans.factory.annotation.AutowiredAnnotationBeanPostProcessor$AutowiredFieldElement.inject(AutowiredAnnotationBeanPostProcessor.java:583)
	... 19 common frames omitted
Caused by: org.springframework.beans.TypeMismatchException: Failed to convert value of type 'java.lang.String' to required type 'boolean'; nested exception is java.lang.IllegalArgumentException: Invalid boolean value [demo.cassandra.speculativeRetry]
	at org.springframework.beans.TypeConverterSupport.doConvert(TypeConverterSupport.java:80)
	at org.springframework.beans.TypeConverterSupport.convertIfNecessary(TypeConverterSupport.java:60)
	at org.springframework.beans.factory.support.DefaultListableBeanFactory.doResolveDependency(DefaultListableBeanFactory.java:1089)
	at org.springframework.beans.factory.support.DefaultListableBeanFactory.resolveDependency(DefaultListableBeanFactory.java:1062)
	at org.springframework.beans.factory.annotation.AutowiredAnnotationBeanPostProcessor$AutowiredFieldElement.inject(AutowiredAnnotationBeanPostProcessor.java:583)
	... 32 common frames omitted
Caused by: java.lang.IllegalArgumentException: Invalid boolean value [demo.cassandra.speculativeRetry]
	at org.springframework.beans.propertyeditors.CustomBooleanEditor.setAsText(CustomBooleanEditor.java:126)
	at org.springframework.beans.TypeConverterDelegate.doConvertTextValue(TypeConverterDelegate.java:466)
	at org.springframework.beans.TypeConverterDelegate.doConvertValue(TypeConverterDelegate.java:439)
	at org.springframework.beans.TypeConverterDelegate.convertIfNecessary(TypeConverterDelegate.java:192)
	at org.springframework.beans.TypeConverterDelegate.convertIfNecessary(TypeConverterDelegate.java:117)
	at org.springframework.beans.TypeConverterSupport.doConvert(TypeConverterSupport.java:70)
	... 36 common frames omitted

2019-03-12 21:24:43.447  INFO 2162 --- [main] hello.Application                        : Starting Application on quentin-dell with PID 2162 (/home/quentin/projects/dse-k8-tutorial/demo-webapp/target/classes started by quentin in /home/quentin/projects/dse-k8-tutorial)
2019-03-12 21:24:43.450  INFO 2162 --- [main] hello.Application                        : No active profile set, falling back to default profiles: default
2019-03-12 21:24:44.677  INFO 2162 --- [main] com.datastax.driver.core                 : DataStax Java Driver 1.7.0 for DataStax Enterprise (DSE) and Apache Cassandra®
2019-03-12 21:24:44.683  INFO 2162 --- [main] c.d.driver.core.GuavaCompatibility       : Detected Guava >= 19 in the classpath, using modern compatibility layer
2019-03-12 21:24:44.692  INFO 2162 --- [main] hello.TaskService                        : ----------------------------------------
2019-03-12 21:24:44.692  INFO 2162 --- [main] hello.TaskService                        : Starting demo with:
2019-03-12 21:24:44.693  INFO 2162 --- [main] hello.TaskService                        : contactPoint=localhost
2019-03-12 21:24:44.693  INFO 2162 --- [main] hello.TaskService                        : speculativeRetry=false
2019-03-12 21:24:44.693  INFO 2162 --- [main] hello.TaskService                        : CL=LOCAL_QUORUM
2019-03-12 21:24:44.693  INFO 2162 --- [main] hello.TaskService                        : allowRemoteHosts=false
2019-03-12 21:24:44.693  INFO 2162 --- [main] hello.TaskService                        : ----------------------------------------
2019-03-12 21:24:44.865  INFO 2162 --- [main] com.datastax.driver.core.ClockFactory    : Using native clock to generate timestamps.
2019-03-12 21:24:45.045  INFO 2162 --- [main] com.datastax.driver.core.utils.UUIDs     : PID obtained through native call to getpid(): 2162
2019-03-12 21:24:45.103  INFO 2162 --- [main] com.datastax.driver.core.NettyUtil       : Did not find Netty's native epoll transport in the classpath, defaulting to NIO.
2019-03-12 21:24:45.382  INFO 2162 --- [main] c.d.d.c.p.DCAwareRoundRobinPolicy        : Using data-center name 'datacenter1' for DCAwareRoundRobinPolicy (if this is incorrect, please provide the correct datacenter name with DCAwareRoundRobinPolicy constructor)
2019-03-12 21:24:45.383  INFO 2162 --- [main] com.datastax.driver.core.Cluster         : New Cassandra host localhost/127.0.0.1:9042 added
2019-03-12 21:24:45.404  WARN 2162 --- [main] ConfigServletWebServerApplicationContext : Exception encountered during context initialization - cancelling refresh attempt: org.springframework.beans.factory.UnsatisfiedDependencyException: Error creating bean with name 'application': Unsatisfied dependency expressed through field 'taskService'; nested exception is org.springframework.beans.factory.BeanCreationException: Error creating bean with name 'taskService': Invocation of init method failed; nested exception is com.datastax.driver.core.exceptions.InvalidConfigurationInQueryException: Unrecognized strategy option {dc2} passed to NetworkTopologyStrategy for keyspace demo
2019-03-12 21:24:45.419 ERROR 2162 --- [main] o.s.boot.SpringApplication               : Application run failed

org.springframework.beans.factory.UnsatisfiedDependencyException: Error creating bean with name 'application': Unsatisfied dependency expressed through field 'taskService'; nested exception is org.springframework.beans.factory.BeanCreationException: Error creating bean with name 'taskService': Invocation of init method failed; nested exception is com.datastax.driver.core.exceptions.InvalidConfigurationInQueryException: Unrecognized strategy option {dc2} passed to NetworkTopologyStrategy for keyspace demo
	at org.springframework.beans.factory.annotation.AutowiredAnnotationBeanPostProcessor$AutowiredFieldElement.inject(AutowiredAnnotationBeanPostProcessor.java:586)
	at org.springframework.beans.factory.annotation.InjectionMetadata.inject(InjectionMetadata.java:90)
	at org.springframework.beans.factory.annotation.AutowiredAnnotationBeanPostProcessor.postProcessPropertyValues(AutowiredAnnotationBeanPostProcessor.java:372)
	at org.springframework.beans.factory.support.AbstractAutowireCapableBeanFactory.populateBean(AbstractAutowireCapableBeanFactory.java:1341)
	at org.springframework.beans.factory.support.AbstractAutowireCapableBeanFactory.doCreateBean(AbstractAutowireCapableBeanFactory.java:572)
	at org.springframework.beans.factory.support.AbstractAutowireCapableBeanFactory.createBean(AbstractAutowireCapableBeanFactory.java:495)
	at org.springframework.beans.factory.support.AbstractBeanFactory.lambda$doGetBean$0(AbstractBeanFactory.java:317)
	at org.springframework.beans.factory.support.DefaultSingletonBeanRegistry.getSingleton(DefaultSingletonBeanRegistry.java:222)
	at org.springframework.beans.factory.support.AbstractBeanFactory.doGetBean(AbstractBeanFactory.java:315)
	at org.springframework.beans.factory.support.AbstractBeanFactory.getBean(AbstractBeanFactory.java:199)
	at org.springframework.beans.factory.support.DefaultListableBeanFactory.preInstantiateSingletons(DefaultListableBeanFactory.java:759)
	at org.springframework.context.support.AbstractApplicationContext.finishBeanFactoryInitialization(AbstractApplicationContext.java:869)
	at org.springframework.context.support.AbstractApplicationContext.refresh(AbstractApplicationContext.java:550)
	at org.springframework.boot.web.servlet.context.ServletWebServerApplicationContext.refresh(ServletWebServerApplicationContext.java:140)
	at org.springframework.boot.SpringApplication.refresh(SpringApplication.java:780)
	at org.springframework.boot.SpringApplication.refreshContext(SpringApplication.java:412)
	at org.springframework.boot.SpringApplication.run(SpringApplication.java:333)
	at org.springframework.boot.SpringApplication.run(SpringApplication.java:1277)
	at org.springframework.boot.SpringApplication.run(SpringApplication.java:1265)
	at hello.Application.main(Application.java:29)
Caused by: org.springframework.beans.factory.BeanCreationException: Error creating bean with name 'taskService': Invocation of init method failed; nested exception is com.datastax.driver.core.exceptions.InvalidConfigurationInQueryException: Unrecognized strategy option {dc2} passed to NetworkTopologyStrategy for keyspace demo
	at org.springframework.beans.factory.annotation.InitDestroyAnnotationBeanPostProcessor.postProcessBeforeInitialization(InitDestroyAnnotationBeanPostProcessor.java:139)
	at org.springframework.beans.factory.support.AbstractAutowireCapableBeanFactory.applyBeanPostProcessorsBeforeInitialization(AbstractAutowireCapableBeanFactory.java:416)
	at org.springframework.beans.factory.support.AbstractAutowireCapableBeanFactory.initializeBean(AbstractAutowireCapableBeanFactory.java:1691)
	at org.springframework.beans.factory.support.AbstractAutowireCapableBeanFactory.doCreateBean(AbstractAutowireCapableBeanFactory.java:573)
	at org.springframework.beans.factory.support.AbstractAutowireCapableBeanFactory.createBean(AbstractAutowireCapableBeanFactory.java:495)
	at org.springframework.beans.factory.support.AbstractBeanFactory.lambda$doGetBean$0(AbstractBeanFactory.java:317)
	at org.springframework.beans.factory.support.DefaultSingletonBeanRegistry.getSingleton(DefaultSingletonBeanRegistry.java:222)
	at org.springframework.beans.factory.support.AbstractBeanFactory.doGetBean(AbstractBeanFactory.java:315)
	at org.springframework.beans.factory.support.AbstractBeanFactory.getBean(AbstractBeanFactory.java:199)
	at org.springframework.beans.factory.config.DependencyDescriptor.resolveCandidate(DependencyDescriptor.java:251)
	at org.springframework.beans.factory.support.DefaultListableBeanFactory.doResolveDependency(DefaultListableBeanFactory.java:1135)
	at org.springframework.beans.factory.support.DefaultListableBeanFactory.resolveDependency(DefaultListableBeanFactory.java:1062)
	at org.springframework.beans.factory.annotation.AutowiredAnnotationBeanPostProcessor$AutowiredFieldElement.inject(AutowiredAnnotationBeanPostProcessor.java:583)
	... 19 common frames omitted
Caused by: com.datastax.driver.core.exceptions.InvalidConfigurationInQueryException: Unrecognized strategy option {dc2} passed to NetworkTopologyStrategy for keyspace demo
	at com.datastax.driver.core.exceptions.InvalidConfigurationInQueryException.copy(InvalidConfigurationInQueryException.java:29)
	at com.datastax.driver.core.exceptions.InvalidConfigurationInQueryException.copy(InvalidConfigurationInQueryException.java:18)
	at com.datastax.driver.core.DriverThrowables.propagateCause(DriverThrowables.java:26)
	at com.datastax.driver.core.DefaultResultSetFuture.getUninterruptibly(DefaultResultSetFuture.java:284)
	at com.datastax.driver.core.AbstractSession.execute(AbstractSession.java:49)
	at com.datastax.driver.core.AbstractSession.execute(AbstractSession.java:30)
	at com.datastax.driver.dse.DefaultDseSession.execute(DefaultDseSession.java:265)
	at hello.TaskService.startCassandraConnection(TaskService.java:59)
	at sun.reflect.NativeMethodAccessorImpl.invoke0(Native Method)
	at sun.reflect.NativeMethodAccessorImpl.invoke(NativeMethodAccessorImpl.java:62)
	at sun.reflect.DelegatingMethodAccessorImpl.invoke(DelegatingMethodAccessorImpl.java:43)
	at java.lang.reflect.Method.invoke(Method.java:498)
	at org.springframework.beans.factory.annotation.InitDestroyAnnotationBeanPostProcessor$LifecycleElement.invoke(InitDestroyAnnotationBeanPostProcessor.java:366)
	at org.springframework.beans.factory.annotation.InitDestroyAnnotationBeanPostProcessor$LifecycleMetadata.invokeInitMethods(InitDestroyAnnotationBeanPostProcessor.java:309)
	at org.springframework.beans.factory.annotation.InitDestroyAnnotationBeanPostProcessor.postProcessBeforeInitialization(InitDestroyAnnotationBeanPostProcessor.java:136)
	... 31 common frames omitted

2019-03-12 21:27:35.761  INFO 3118 --- [main] hello.Application                        : Starting Application on quentin-dell with PID 3118 (/home/quentin/projects/dse-k8-tutorial/demo-webapp/target/classes started by quentin in /home/quentin/projects/dse-k8-tutorial)
2019-03-12 21:27:35.765  INFO 3118 --- [main] hello.Application                        : No active profile set, falling back to default profiles: default
2019-03-12 21:27:37.062  INFO 3118 --- [main] com.datastax.driver.core                 : DataStax Java Driver 1.7.0 for DataStax Enterprise (DSE) and Apache Cassandra®
2019-03-12 21:27:37.068  INFO 3118 --- [main] c.d.driver.core.GuavaCompatibility       : Detected Guava >= 19 in the classpath, using modern compatibility layer
2019-03-12 21:27:37.078  INFO 3118 --- [main] hello.TaskService                        : ----------------------------------------
2019-03-12 21:27:37.078  INFO 3118 --- [main] hello.TaskService                        : Starting demo with:
2019-03-12 21:27:37.078  INFO 3118 --- [main] hello.TaskService                        : contactPoint=localhost
2019-03-12 21:27:37.078  INFO 3118 --- [main] hello.TaskService                        : speculativeRetry=false
2019-03-12 21:27:37.078  INFO 3118 --- [main] hello.TaskService                        : CL=LOCAL_QUORUM
2019-03-12 21:27:37.078  INFO 3118 --- [main] hello.TaskService                        : allowRemoteHosts=false
2019-03-12 21:27:37.078  INFO 3118 --- [main] hello.TaskService                        : ----------------------------------------
2019-03-12 21:27:37.287  INFO 3118 --- [main] com.datastax.driver.core.ClockFactory    : Using native clock to generate timestamps.
2019-03-12 21:27:37.440  INFO 3118 --- [main] com.datastax.driver.core.utils.UUIDs     : PID obtained through native call to getpid(): 3118
2019-03-12 21:27:37.499  INFO 3118 --- [main] com.datastax.driver.core.NettyUtil       : Did not find Netty's native epoll transport in the classpath, defaulting to NIO.
2019-03-12 21:27:37.783  INFO 3118 --- [main] c.d.d.c.p.DCAwareRoundRobinPolicy        : Using data-center name 'datacenter1' for DCAwareRoundRobinPolicy (if this is incorrect, please provide the correct datacenter name with DCAwareRoundRobinPolicy constructor)
2019-03-12 21:27:37.784  INFO 3118 --- [main] com.datastax.driver.core.Cluster         : New Cassandra host localhost/127.0.0.1:9042 added
2019-03-12 21:27:38.140  INFO 3118 --- [main] com.datastax.driver.core.ClockFactory    : Using native clock to generate timestamps.
2019-03-12 21:27:38.203  INFO 3118 --- [main] hello.Application                        : Started Application in 2.914 seconds (JVM running for 3.267)
2019-03-12 21:28:05.948  INFO 3377 --- [main] hello.Application                        : Starting Application on quentin-dell with PID 3377 (/home/quentin/projects/dse-k8-tutorial/demo-webapp/target/classes started by quentin in /home/quentin/projects/dse-k8-tutorial)
2019-03-12 21:28:05.952  INFO 3377 --- [main] hello.Application                        : No active profile set, falling back to default profiles: default
2019-03-12 21:28:07.333  INFO 3377 --- [main] com.datastax.driver.core                 : DataStax Java Driver 1.7.0 for DataStax Enterprise (DSE) and Apache Cassandra®
2019-03-12 21:28:07.339  INFO 3377 --- [main] c.d.driver.core.GuavaCompatibility       : Detected Guava >= 19 in the classpath, using modern compatibility layer
2019-03-12 21:28:07.348  INFO 3377 --- [main] hello.TaskService                        : ----------------------------------------
2019-03-12 21:28:07.348  INFO 3377 --- [main] hello.TaskService                        : Starting demo with:
2019-03-12 21:28:07.349  INFO 3377 --- [main] hello.TaskService                        : contactPoint=localhost
2019-03-12 21:28:07.349  INFO 3377 --- [main] hello.TaskService                        : speculativeRetry=false
2019-03-12 21:28:07.349  INFO 3377 --- [main] hello.TaskService                        : CL=LOCAL_QUORUM
2019-03-12 21:28:07.349  INFO 3377 --- [main] hello.TaskService                        : allowRemoteHosts=false
2019-03-12 21:28:07.349  INFO 3377 --- [main] hello.TaskService                        : ----------------------------------------
2019-03-12 21:28:07.514  INFO 3377 --- [main] com.datastax.driver.core.ClockFactory    : Using native clock to generate timestamps.
2019-03-12 21:28:07.688  INFO 3377 --- [main] com.datastax.driver.core.utils.UUIDs     : PID obtained through native call to getpid(): 3377
2019-03-12 21:28:07.742  INFO 3377 --- [main] com.datastax.driver.core.NettyUtil       : Did not find Netty's native epoll transport in the classpath, defaulting to NIO.
2019-03-12 21:28:08.085  INFO 3377 --- [main] c.d.d.c.p.DCAwareRoundRobinPolicy        : Using data-center name 'datacenter1' for DCAwareRoundRobinPolicy (if this is incorrect, please provide the correct datacenter name with DCAwareRoundRobinPolicy constructor)
2019-03-12 21:28:08.087  INFO 3377 --- [main] com.datastax.driver.core.Cluster         : New Cassandra host localhost/127.0.0.1:9042 added
2019-03-12 21:28:08.456  INFO 3377 --- [main] com.datastax.driver.core.ClockFactory    : Using native clock to generate timestamps.
2019-03-12 21:28:08.530  INFO 3377 --- [main] hello.Application                        : Started Application in 3.035 seconds (JVM running for 3.399)
2019-03-12 21:31:30.201  INFO 4072 --- [main] hello.Application                        : Starting Application on quentin-dell with PID 4072 (/home/quentin/projects/dse-k8-tutorial/demo-webapp/target/classes started by quentin in /home/quentin/projects/dse-k8-tutorial)
2019-03-12 21:31:30.205  INFO 4072 --- [main] hello.Application                        : No active profile set, falling back to default profiles: default
2019-03-12 21:31:31.775  INFO 4072 --- [main] com.datastax.driver.core                 : DataStax Java Driver 1.7.0 for DataStax Enterprise (DSE) and Apache Cassandra®
2019-03-12 21:31:31.784  INFO 4072 --- [main] c.d.driver.core.GuavaCompatibility       : Detected Guava >= 19 in the classpath, using modern compatibility layer
2019-03-12 21:31:31.796  INFO 4072 --- [main] hello.TaskService                        : ----------------------------------------
2019-03-12 21:31:31.796  INFO 4072 --- [main] hello.TaskService                        : Starting demo with:
2019-03-12 21:31:31.796  INFO 4072 --- [main] hello.TaskService                        : contactPoint=localhost
2019-03-12 21:31:31.796  INFO 4072 --- [main] hello.TaskService                        : speculativeRetry=false
2019-03-12 21:31:31.797  INFO 4072 --- [main] hello.TaskService                        : CL=LOCAL_QUORUM
2019-03-12 21:31:31.797  INFO 4072 --- [main] hello.TaskService                        : allowRemoteHosts=false
2019-03-12 21:31:31.797  INFO 4072 --- [main] hello.TaskService                        : ----------------------------------------
2019-03-12 21:31:32.012  INFO 4072 --- [main] com.datastax.driver.core.ClockFactory    : Using native clock to generate timestamps.
2019-03-12 21:31:32.177  INFO 4072 --- [main] com.datastax.driver.core.utils.UUIDs     : PID obtained through native call to getpid(): 4072
2019-03-12 21:31:32.248  INFO 4072 --- [main] com.datastax.driver.core.NettyUtil       : Did not find Netty's native epoll transport in the classpath, defaulting to NIO.
2019-03-12 21:31:32.568  INFO 4072 --- [main] c.d.d.c.p.DCAwareRoundRobinPolicy        : Using data-center name 'datacenter1' for DCAwareRoundRobinPolicy (if this is incorrect, please provide the correct datacenter name with DCAwareRoundRobinPolicy constructor)
2019-03-12 21:31:32.570  INFO 4072 --- [main] com.datastax.driver.core.Cluster         : New Cassandra host localhost/127.0.0.1:9042 added
2019-03-12 21:31:32.951  INFO 4072 --- [main] com.datastax.driver.core.ClockFactory    : Using native clock to generate timestamps.
2019-03-12 21:31:33.029  INFO 4072 --- [main] hello.Application                        : Started Application in 3.447 seconds (JVM running for 3.863)
2019-03-12 21:37:03.633  INFO 4844 --- [main] hello.Application                        : Starting Application on quentin-dell with PID 4844 (/home/quentin/projects/dse-k8-tutorial/demo-webapp/target/classes started by quentin in /home/quentin/projects/dse-k8-tutorial)
2019-03-12 21:37:03.638  INFO 4844 --- [main] hello.Application                        : No active profile set, falling back to default profiles: default
2019-03-12 21:37:04.979  INFO 4844 --- [main] com.datastax.driver.core                 : DataStax Java Driver 1.7.0 for DataStax Enterprise (DSE) and Apache Cassandra®
2019-03-12 21:37:04.988  INFO 4844 --- [main] c.d.driver.core.GuavaCompatibility       : Detected Guava >= 19 in the classpath, using modern compatibility layer
2019-03-12 21:37:04.996  INFO 4844 --- [main] hello.TaskService                        : ----------------------------------------
2019-03-12 21:37:04.996  INFO 4844 --- [main] hello.TaskService                        : Starting demo with:
2019-03-12 21:37:04.997  INFO 4844 --- [main] hello.TaskService                        : contactPoint=localhost
2019-03-12 21:37:04.997  INFO 4844 --- [main] hello.TaskService                        : speculativeRetry=false
2019-03-12 21:37:04.997  INFO 4844 --- [main] hello.TaskService                        : CL=LOCAL_QUORUM
2019-03-12 21:37:04.997  INFO 4844 --- [main] hello.TaskService                        : allowRemoteHosts=false
2019-03-12 21:37:04.997  INFO 4844 --- [main] hello.TaskService                        : ----------------------------------------
2019-03-12 21:37:05.161  INFO 4844 --- [main] com.datastax.driver.core.ClockFactory    : Using native clock to generate timestamps.
2019-03-12 21:37:05.325  INFO 4844 --- [main] com.datastax.driver.core.utils.UUIDs     : PID obtained through native call to getpid(): 4844
2019-03-12 21:37:05.402  INFO 4844 --- [main] com.datastax.driver.core.NettyUtil       : Did not find Netty's native epoll transport in the classpath, defaulting to NIO.
2019-03-12 21:37:05.695  INFO 4844 --- [main] c.d.d.c.p.DCAwareRoundRobinPolicy        : Using data-center name 'datacenter1' for DCAwareRoundRobinPolicy (if this is incorrect, please provide the correct datacenter name with DCAwareRoundRobinPolicy constructor)
2019-03-12 21:37:05.697  INFO 4844 --- [main] com.datastax.driver.core.Cluster         : New Cassandra host localhost/127.0.0.1:9042 added
2019-03-12 21:37:06.101  INFO 4844 --- [main] com.datastax.driver.core.ClockFactory    : Using native clock to generate timestamps.
2019-03-12 21:37:06.174  INFO 4844 --- [main] hello.Application                        : Started Application in 3.036 seconds (JVM running for 3.459)
2019-03-12 21:40:02.451  INFO 5475 --- [main] hello.Application                        : Starting Application on quentin-dell with PID 5475 (/home/quentin/projects/dse-k8-tutorial/demo-webapp/target/classes started by quentin in /home/quentin/projects/dse-k8-tutorial)
2019-03-12 21:40:02.456  INFO 5475 --- [main] hello.Application                        : No active profile set, falling back to default profiles: default
2019-03-12 21:40:03.730  INFO 5475 --- [main] com.datastax.driver.core                 : DataStax Java Driver 1.7.0 for DataStax Enterprise (DSE) and Apache Cassandra®
2019-03-12 21:40:03.738  INFO 5475 --- [main] c.d.driver.core.GuavaCompatibility       : Detected Guava >= 19 in the classpath, using modern compatibility layer
2019-03-12 21:40:03.749  INFO 5475 --- [main] hello.TaskService                        : ----------------------------------------
2019-03-12 21:40:03.749  INFO 5475 --- [main] hello.TaskService                        : Starting demo with:
2019-03-12 21:40:03.749  INFO 5475 --- [main] hello.TaskService                        : contactPoint=localhost
2019-03-12 21:40:03.749  INFO 5475 --- [main] hello.TaskService                        : speculativeRetry=false
2019-03-12 21:40:03.750  INFO 5475 --- [main] hello.TaskService                        : CL=LOCAL_QUORUM
2019-03-12 21:40:03.750  INFO 5475 --- [main] hello.TaskService                        : allowRemoteHosts=false
2019-03-12 21:40:03.750  INFO 5475 --- [main] hello.TaskService                        : ----------------------------------------
2019-03-12 21:40:03.918  INFO 5475 --- [main] com.datastax.driver.core.ClockFactory    : Using native clock to generate timestamps.
2019-03-12 21:40:04.078  INFO 5475 --- [main] com.datastax.driver.core.utils.UUIDs     : PID obtained through native call to getpid(): 5475
2019-03-12 21:40:04.138  INFO 5475 --- [main] com.datastax.driver.core.NettyUtil       : Did not find Netty's native epoll transport in the classpath, defaulting to NIO.
2019-03-12 21:40:04.417  INFO 5475 --- [main] c.d.d.c.p.DCAwareRoundRobinPolicy        : Using data-center name 'datacenter1' for DCAwareRoundRobinPolicy (if this is incorrect, please provide the correct datacenter name with DCAwareRoundRobinPolicy constructor)
2019-03-12 21:40:04.419  INFO 5475 --- [main] com.datastax.driver.core.Cluster         : New Cassandra host localhost/127.0.0.1:9042 added
2019-03-12 21:40:04.772  INFO 5475 --- [main] com.datastax.driver.core.ClockFactory    : Using native clock to generate timestamps.
2019-03-12 21:40:04.841  INFO 5475 --- [main] hello.Application                        : Started Application in 2.914 seconds (JVM running for 3.257)
2019-03-12 21:41:58.011  INFO 5948 --- [main] hello.Application                        : Starting Application on quentin-dell with PID 5948 (/home/quentin/projects/dse-k8-tutorial/demo-webapp/target/classes started by quentin in /home/quentin/projects/dse-k8-tutorial)
2019-03-12 21:41:58.015  INFO 5948 --- [main] hello.Application                        : No active profile set, falling back to default profiles: default
2019-03-12 21:41:59.284  INFO 5948 --- [main] com.datastax.driver.core                 : DataStax Java Driver 1.7.0 for DataStax Enterprise (DSE) and Apache Cassandra®
2019-03-12 21:41:59.292  INFO 5948 --- [main] c.d.driver.core.GuavaCompatibility       : Detected Guava >= 19 in the classpath, using modern compatibility layer
2019-03-12 21:41:59.305  INFO 5948 --- [main] hello.TaskService                        : ----------------------------------------
2019-03-12 21:41:59.305  INFO 5948 --- [main] hello.TaskService                        : Starting demo with:
2019-03-12 21:41:59.305  INFO 5948 --- [main] hello.TaskService                        : contactPoint=localhost
2019-03-12 21:41:59.305  INFO 5948 --- [main] hello.TaskService                        : speculativeRetry=false
2019-03-12 21:41:59.306  INFO 5948 --- [main] hello.TaskService                        : CL=LOCAL_QUORUM
2019-03-12 21:41:59.306  INFO 5948 --- [main] hello.TaskService                        : allowRemoteHosts=false
2019-03-12 21:41:59.306  INFO 5948 --- [main] hello.TaskService                        : ----------------------------------------
2019-03-12 21:41:59.484  INFO 5948 --- [main] com.datastax.driver.core.ClockFactory    : Using native clock to generate timestamps.
2019-03-12 21:41:59.651  INFO 5948 --- [main] com.datastax.driver.core.utils.UUIDs     : PID obtained through native call to getpid(): 5948
2019-03-12 21:41:59.709  INFO 5948 --- [main] com.datastax.driver.core.NettyUtil       : Did not find Netty's native epoll transport in the classpath, defaulting to NIO.
2019-03-12 21:41:59.989  INFO 5948 --- [main] c.d.d.c.p.DCAwareRoundRobinPolicy        : Using data-center name 'datacenter1' for DCAwareRoundRobinPolicy (if this is incorrect, please provide the correct datacenter name with DCAwareRoundRobinPolicy constructor)
2019-03-12 21:41:59.990  INFO 5948 --- [main] com.datastax.driver.core.Cluster         : New Cassandra host localhost/127.0.0.1:9042 added
2019-03-12 21:42:00.343  INFO 5948 --- [main] com.datastax.driver.core.ClockFactory    : Using native clock to generate timestamps.
2019-03-12 21:42:00.415  INFO 5948 --- [main] hello.Application                        : Started Application in 2.865 seconds (JVM running for 3.228)
2019-03-12 21:42:53.358  INFO 6140 --- [main] hello.Application                        : Starting Application on quentin-dell with PID 6140 (/home/quentin/projects/dse-k8-tutorial/demo-webapp/target/classes started by quentin in /home/quentin/projects/dse-k8-tutorial)
2019-03-12 21:42:53.365  INFO 6140 --- [main] hello.Application                        : No active profile set, falling back to default profiles: default
2019-03-12 21:42:55.025  INFO 6140 --- [main] com.datastax.driver.core                 : DataStax Java Driver 1.7.0 for DataStax Enterprise (DSE) and Apache Cassandra®
2019-03-12 21:42:55.032  INFO 6140 --- [main] c.d.driver.core.GuavaCompatibility       : Detected Guava >= 19 in the classpath, using modern compatibility layer
2019-03-12 21:42:55.044  INFO 6140 --- [main] hello.TaskService                        : ----------------------------------------
2019-03-12 21:42:55.044  INFO 6140 --- [main] hello.TaskService                        : Starting demo with:
2019-03-12 21:42:55.044  INFO 6140 --- [main] hello.TaskService                        : contactPoint=localhost
2019-03-12 21:42:55.045  INFO 6140 --- [main] hello.TaskService                        : speculativeRetry=false
2019-03-12 21:42:55.045  INFO 6140 --- [main] hello.TaskService                        : CL=LOCAL_QUORUM
2019-03-12 21:42:55.045  INFO 6140 --- [main] hello.TaskService                        : allowRemoteHosts=false
2019-03-12 21:42:55.045  INFO 6140 --- [main] hello.TaskService                        : ----------------------------------------
2019-03-12 21:42:55.220  INFO 6140 --- [main] com.datastax.driver.core.ClockFactory    : Using native clock to generate timestamps.
2019-03-12 21:42:55.392  INFO 6140 --- [main] com.datastax.driver.core.utils.UUIDs     : PID obtained through native call to getpid(): 6140
2019-03-12 21:42:55.448  INFO 6140 --- [main] com.datastax.driver.core.NettyUtil       : Did not find Netty's native epoll transport in the classpath, defaulting to NIO.
2019-03-12 21:42:55.732  INFO 6140 --- [main] c.d.d.c.p.DCAwareRoundRobinPolicy        : Using data-center name 'datacenter1' for DCAwareRoundRobinPolicy (if this is incorrect, please provide the correct datacenter name with DCAwareRoundRobinPolicy constructor)
2019-03-12 21:42:55.733  INFO 6140 --- [main] com.datastax.driver.core.Cluster         : New Cassandra host localhost/127.0.0.1:9042 added
2019-03-12 21:42:56.121  INFO 6140 --- [main] com.datastax.driver.core.ClockFactory    : Using native clock to generate timestamps.
2019-03-12 21:42:56.200  INFO 6140 --- [main] hello.Application                        : Started Application in 3.377 seconds (JVM running for 3.752)
2019-03-12 21:43:54.399  INFO 6388 --- [main] hello.Application                        : Starting Application on quentin-dell with PID 6388 (/home/quentin/projects/dse-k8-tutorial/demo-webapp/target/classes started by quentin in /home/quentin/projects/dse-k8-tutorial)
2019-03-12 21:43:54.403  INFO 6388 --- [main] hello.Application                        : No active profile set, falling back to default profiles: default
2019-03-12 21:43:55.841  INFO 6388 --- [main] com.datastax.driver.core                 : DataStax Java Driver 1.7.0 for DataStax Enterprise (DSE) and Apache Cassandra®
2019-03-12 21:43:55.848  INFO 6388 --- [main] c.d.driver.core.GuavaCompatibility       : Detected Guava >= 19 in the classpath, using modern compatibility layer
2019-03-12 21:43:55.857  INFO 6388 --- [main] hello.TaskService                        : ----------------------------------------
2019-03-12 21:43:55.858  INFO 6388 --- [main] hello.TaskService                        : Starting demo with:
2019-03-12 21:43:55.858  INFO 6388 --- [main] hello.TaskService                        : contactPoint=localhost
2019-03-12 21:43:55.858  INFO 6388 --- [main] hello.TaskService                        : speculativeRetry=false
2019-03-12 21:43:55.858  INFO 6388 --- [main] hello.TaskService                        : CL=LOCAL_QUORUM
2019-03-12 21:43:55.858  INFO 6388 --- [main] hello.TaskService                        : allowRemoteHosts=false
2019-03-12 21:43:55.858  INFO 6388 --- [main] hello.TaskService                        : ----------------------------------------
2019-03-12 21:43:56.019  INFO 6388 --- [main] com.datastax.driver.core.ClockFactory    : Using native clock to generate timestamps.
2019-03-12 21:43:56.189  INFO 6388 --- [main] com.datastax.driver.core.utils.UUIDs     : PID obtained through native call to getpid(): 6388
2019-03-12 21:43:56.249  INFO 6388 --- [main] com.datastax.driver.core.NettyUtil       : Did not find Netty's native epoll transport in the classpath, defaulting to NIO.
2019-03-12 21:43:56.526  INFO 6388 --- [main] c.d.d.c.p.DCAwareRoundRobinPolicy        : Using data-center name 'datacenter1' for DCAwareRoundRobinPolicy (if this is incorrect, please provide the correct datacenter name with DCAwareRoundRobinPolicy constructor)
2019-03-12 21:43:56.528  INFO 6388 --- [main] com.datastax.driver.core.Cluster         : New Cassandra host localhost/127.0.0.1:9042 added
2019-03-12 21:43:56.880  INFO 6388 --- [main] com.datastax.driver.core.ClockFactory    : Using native clock to generate timestamps.
2019-03-12 21:43:56.956  INFO 6388 --- [main] hello.Application                        : Started Application in 3.025 seconds (JVM running for 3.391)
2019-03-12 21:44:24.734  INFO 6565 --- [main] hello.Application                        : Starting Application on quentin-dell with PID 6565 (/home/quentin/projects/dse-k8-tutorial/demo-webapp/target/classes started by quentin in /home/quentin/projects/dse-k8-tutorial)
2019-03-12 21:44:24.738  INFO 6565 --- [main] hello.Application                        : No active profile set, falling back to default profiles: default
2019-03-12 21:44:26.026  INFO 6565 --- [main] com.datastax.driver.core                 : DataStax Java Driver 1.7.0 for DataStax Enterprise (DSE) and Apache Cassandra®
2019-03-12 21:44:26.034  INFO 6565 --- [main] c.d.driver.core.GuavaCompatibility       : Detected Guava >= 19 in the classpath, using modern compatibility layer
2019-03-12 21:44:26.047  INFO 6565 --- [main] hello.TaskService                        : ----------------------------------------
2019-03-12 21:44:26.047  INFO 6565 --- [main] hello.TaskService                        : Starting demo with:
2019-03-12 21:44:26.048  INFO 6565 --- [main] hello.TaskService                        : contactPoint=localhost
2019-03-12 21:44:26.048  INFO 6565 --- [main] hello.TaskService                        : speculativeRetry=false
2019-03-12 21:44:26.048  INFO 6565 --- [main] hello.TaskService                        : CL=LOCAL_QUORUM
2019-03-12 21:44:26.048  INFO 6565 --- [main] hello.TaskService                        : allowRemoteHosts=false
2019-03-12 21:44:26.048  INFO 6565 --- [main] hello.TaskService                        : ----------------------------------------
2019-03-12 21:44:26.220  INFO 6565 --- [main] com.datastax.driver.core.ClockFactory    : Using native clock to generate timestamps.
2019-03-12 21:44:26.387  INFO 6565 --- [main] com.datastax.driver.core.utils.UUIDs     : PID obtained through native call to getpid(): 6565
2019-03-12 21:44:26.437  INFO 6565 --- [main] com.datastax.driver.core.NettyUtil       : Did not find Netty's native epoll transport in the classpath, defaulting to NIO.
2019-03-12 21:44:26.733  INFO 6565 --- [main] c.d.d.c.p.DCAwareRoundRobinPolicy        : Using data-center name 'datacenter1' for DCAwareRoundRobinPolicy (if this is incorrect, please provide the correct datacenter name with DCAwareRoundRobinPolicy constructor)
2019-03-12 21:44:26.735  INFO 6565 --- [main] com.datastax.driver.core.Cluster         : New Cassandra host localhost/127.0.0.1:9042 added
2019-03-12 21:44:27.103  INFO 6565 --- [main] com.datastax.driver.core.ClockFactory    : Using native clock to generate timestamps.
2019-03-12 21:44:27.170  INFO 6565 --- [main] hello.Application                        : Started Application in 2.891 seconds (JVM running for 3.251)
2019-03-12 21:44:46.219  INFO 6738 --- [main] hello.Application                        : Starting Application on quentin-dell with PID 6738 (/home/quentin/projects/dse-k8-tutorial/demo-webapp/target/classes started by quentin in /home/quentin/projects/dse-k8-tutorial)
2019-03-12 21:44:46.222  INFO 6738 --- [main] hello.Application                        : No active profile set, falling back to default profiles: default
2019-03-12 21:44:47.526  INFO 6738 --- [main] com.datastax.driver.core                 : DataStax Java Driver 1.7.0 for DataStax Enterprise (DSE) and Apache Cassandra®
2019-03-12 21:44:47.533  INFO 6738 --- [main] c.d.driver.core.GuavaCompatibility       : Detected Guava >= 19 in the classpath, using modern compatibility layer
2019-03-12 21:44:47.544  INFO 6738 --- [main] hello.TaskService                        : ----------------------------------------
2019-03-12 21:44:47.544  INFO 6738 --- [main] hello.TaskService                        : Starting demo with:
2019-03-12 21:44:47.544  INFO 6738 --- [main] hello.TaskService                        : contactPoint=localhost
2019-03-12 21:44:47.544  INFO 6738 --- [main] hello.TaskService                        : speculativeRetry=false
2019-03-12 21:44:47.544  INFO 6738 --- [main] hello.TaskService                        : CL=LOCAL_QUORUM
2019-03-12 21:44:47.544  INFO 6738 --- [main] hello.TaskService                        : allowRemoteHosts=false
2019-03-12 21:44:47.544  INFO 6738 --- [main] hello.TaskService                        : ----------------------------------------
2019-03-12 21:44:47.732  INFO 6738 --- [main] com.datastax.driver.core.ClockFactory    : Using native clock to generate timestamps.
2019-03-12 21:44:47.900  INFO 6738 --- [main] com.datastax.driver.core.utils.UUIDs     : PID obtained through native call to getpid(): 6738
2019-03-12 21:44:47.957  INFO 6738 --- [main] com.datastax.driver.core.NettyUtil       : Did not find Netty's native epoll transport in the classpath, defaulting to NIO.
2019-03-12 21:44:48.271  INFO 6738 --- [main] c.d.d.c.p.DCAwareRoundRobinPolicy        : Using data-center name 'datacenter1' for DCAwareRoundRobinPolicy (if this is incorrect, please provide the correct datacenter name with DCAwareRoundRobinPolicy constructor)
2019-03-12 21:44:48.272  INFO 6738 --- [main] com.datastax.driver.core.Cluster         : New Cassandra host localhost/127.0.0.1:9042 added
2019-03-12 21:44:48.652  INFO 6738 --- [main] com.datastax.driver.core.ClockFactory    : Using native clock to generate timestamps.
2019-03-12 21:44:48.848  INFO 6738 --- [main] hello.Application                        : Started Application in 3.164 seconds (JVM running for 3.523)
2019-03-12 21:45:56.537  INFO 7178 --- [main] hello.Application                        : Starting Application on quentin-dell with PID 7178 (/home/quentin/projects/dse-k8-tutorial/demo-webapp/target/classes started by quentin in /home/quentin/projects/dse-k8-tutorial)
2019-03-12 21:45:56.546  INFO 7178 --- [main] hello.Application                        : No active profile set, falling back to default profiles: default
2019-03-12 21:45:57.948  INFO 7178 --- [main] com.datastax.driver.core                 : DataStax Java Driver 1.7.0 for DataStax Enterprise (DSE) and Apache Cassandra®
2019-03-12 21:45:57.954  INFO 7178 --- [main] c.d.driver.core.GuavaCompatibility       : Detected Guava >= 19 in the classpath, using modern compatibility layer
2019-03-12 21:45:57.963  INFO 7178 --- [main] hello.TaskService                        : ----------------------------------------
2019-03-12 21:45:57.964  INFO 7178 --- [main] hello.TaskService                        : Starting demo with:
2019-03-12 21:45:57.964  INFO 7178 --- [main] hello.TaskService                        : contactPoint=localhost
2019-03-12 21:45:57.964  INFO 7178 --- [main] hello.TaskService                        : speculativeRetry=false
2019-03-12 21:45:57.964  INFO 7178 --- [main] hello.TaskService                        : CL=LOCAL_QUORUM
2019-03-12 21:45:57.964  INFO 7178 --- [main] hello.TaskService                        : allowRemoteHosts=false
2019-03-12 21:45:57.964  INFO 7178 --- [main] hello.TaskService                        : ----------------------------------------
2019-03-12 21:45:58.130  INFO 7178 --- [main] com.datastax.driver.core.ClockFactory    : Using native clock to generate timestamps.
2019-03-12 21:45:58.289  INFO 7178 --- [main] com.datastax.driver.core.utils.UUIDs     : PID obtained through native call to getpid(): 7178
2019-03-12 21:45:58.349  INFO 7178 --- [main] com.datastax.driver.core.NettyUtil       : Did not find Netty's native epoll transport in the classpath, defaulting to NIO.
2019-03-12 21:45:58.659  INFO 7178 --- [main] c.d.d.c.p.DCAwareRoundRobinPolicy        : Using data-center name 'datacenter1' for DCAwareRoundRobinPolicy (if this is incorrect, please provide the correct datacenter name with DCAwareRoundRobinPolicy constructor)
2019-03-12 21:45:58.660  INFO 7178 --- [main] com.datastax.driver.core.Cluster         : New Cassandra host localhost/127.0.0.1:9042 added
2019-03-12 21:45:59.073  INFO 7178 --- [main] com.datastax.driver.core.ClockFactory    : Using native clock to generate timestamps.
2019-03-12 21:45:59.247  INFO 7178 --- [main] hello.Application                        : Started Application in 3.19 seconds (JVM running for 3.565)
2019-03-12 21:57:00.058  INFO 8935 --- [main] hello.Application                        : Starting Application on quentin-dell with PID 8935 (/home/quentin/projects/dse-k8-tutorial/demo-webapp/target/classes started by quentin in /home/quentin/projects/dse-k8-tutorial)
2019-03-12 21:57:00.062  INFO 8935 --- [main] hello.Application                        : No active profile set, falling back to default profiles: default
2019-03-12 21:57:01.573  INFO 8935 --- [main] com.datastax.driver.core                 : DataStax Java Driver 1.7.0 for DataStax Enterprise (DSE) and Apache Cassandra®
2019-03-12 21:57:01.583  INFO 8935 --- [main] c.d.driver.core.GuavaCompatibility       : Detected Guava >= 19 in the classpath, using modern compatibility layer
2019-03-12 21:57:01.599  INFO 8935 --- [main] hello.ProductService                     : ----------------------------------------
2019-03-12 21:57:01.600  INFO 8935 --- [main] hello.ProductService                     : Starting demo with:
2019-03-12 21:57:01.600  INFO 8935 --- [main] hello.ProductService                     : contactPoint=localhost
2019-03-12 21:57:01.600  INFO 8935 --- [main] hello.ProductService                     : speculativeRetry=false
2019-03-12 21:57:01.600  INFO 8935 --- [main] hello.ProductService                     : CL=LOCAL_QUORUM
2019-03-12 21:57:01.601  INFO 8935 --- [main] hello.ProductService                     : allowRemoteHosts=false
2019-03-12 21:57:01.601  INFO 8935 --- [main] hello.ProductService                     : ----------------------------------------
2019-03-12 21:57:01.838  INFO 8935 --- [main] com.datastax.driver.core.ClockFactory    : Using native clock to generate timestamps.
2019-03-12 21:57:01.994  INFO 8935 --- [main] com.datastax.driver.core.utils.UUIDs     : PID obtained through native call to getpid(): 8935
2019-03-12 21:57:02.052  INFO 8935 --- [main] com.datastax.driver.core.NettyUtil       : Did not find Netty's native epoll transport in the classpath, defaulting to NIO.
2019-03-12 21:57:02.320  INFO 8935 --- [main] c.d.d.c.p.DCAwareRoundRobinPolicy        : Using data-center name 'datacenter1' for DCAwareRoundRobinPolicy (if this is incorrect, please provide the correct datacenter name with DCAwareRoundRobinPolicy constructor)
2019-03-12 21:57:02.322  INFO 8935 --- [main] com.datastax.driver.core.Cluster         : New Cassandra host localhost/127.0.0.1:9042 added
2019-03-12 21:57:02.933  INFO 8935 --- [main] com.datastax.driver.core.ClockFactory    : Using native clock to generate timestamps.
2019-03-12 21:57:03.017  INFO 8935 --- [main] hello.Application                        : Started Application in 3.433 seconds (JVM running for 3.786)
2019-03-12 21:57:26.757  INFO 9131 --- [main] hello.Application                        : Starting Application on quentin-dell with PID 9131 (/home/quentin/projects/dse-k8-tutorial/demo-webapp/target/classes started by quentin in /home/quentin/projects/dse-k8-tutorial)
2019-03-12 21:57:26.763  INFO 9131 --- [main] hello.Application                        : No active profile set, falling back to default profiles: default
2019-03-12 21:57:28.118  INFO 9131 --- [main] com.datastax.driver.core                 : DataStax Java Driver 1.7.0 for DataStax Enterprise (DSE) and Apache Cassandra®
2019-03-12 21:57:28.127  INFO 9131 --- [main] c.d.driver.core.GuavaCompatibility       : Detected Guava >= 19 in the classpath, using modern compatibility layer
2019-03-12 21:57:28.139  INFO 9131 --- [main] hello.ProductService                     : ----------------------------------------
2019-03-12 21:57:28.139  INFO 9131 --- [main] hello.ProductService                     : Starting demo with:
2019-03-12 21:57:28.139  INFO 9131 --- [main] hello.ProductService                     : contactPoint=localhost
2019-03-12 21:57:28.139  INFO 9131 --- [main] hello.ProductService                     : speculativeRetry=false
2019-03-12 21:57:28.139  INFO 9131 --- [main] hello.ProductService                     : CL=LOCAL_QUORUM
2019-03-12 21:57:28.139  INFO 9131 --- [main] hello.ProductService                     : allowRemoteHosts=false
2019-03-12 21:57:28.139  INFO 9131 --- [main] hello.ProductService                     : ----------------------------------------
2019-03-12 21:57:28.307  INFO 9131 --- [main] com.datastax.driver.core.ClockFactory    : Using native clock to generate timestamps.
2019-03-12 21:57:28.475  INFO 9131 --- [main] com.datastax.driver.core.utils.UUIDs     : PID obtained through native call to getpid(): 9131
2019-03-12 21:57:28.539  INFO 9131 --- [main] com.datastax.driver.core.NettyUtil       : Did not find Netty's native epoll transport in the classpath, defaulting to NIO.
2019-03-12 21:57:28.833  INFO 9131 --- [main] c.d.d.c.p.DCAwareRoundRobinPolicy        : Using data-center name 'datacenter1' for DCAwareRoundRobinPolicy (if this is incorrect, please provide the correct datacenter name with DCAwareRoundRobinPolicy constructor)
2019-03-12 21:57:28.834  INFO 9131 --- [main] com.datastax.driver.core.Cluster         : New Cassandra host localhost/127.0.0.1:9042 added
2019-03-12 21:57:29.196  INFO 9131 --- [main] com.datastax.driver.core.ClockFactory    : Using native clock to generate timestamps.
2019-03-12 21:57:29.264  INFO 9131 --- [main] hello.Application                        : Started Application in 2.977 seconds (JVM running for 3.323)
2019-03-12 21:59:00.125  INFO 9455 --- [main] hello.Application                        : Starting Application on quentin-dell with PID 9455 (/home/quentin/projects/dse-k8-tutorial/demo-webapp/target/classes started by quentin in /home/quentin/projects/dse-k8-tutorial)
2019-03-12 21:59:00.132  INFO 9455 --- [main] hello.Application                        : No active profile set, falling back to default profiles: default
2019-03-12 21:59:01.624  INFO 9455 --- [main] com.datastax.driver.core                 : DataStax Java Driver 1.7.0 for DataStax Enterprise (DSE) and Apache Cassandra®
2019-03-12 21:59:01.631  INFO 9455 --- [main] c.d.driver.core.GuavaCompatibility       : Detected Guava >= 19 in the classpath, using modern compatibility layer
2019-03-12 21:59:01.643  INFO 9455 --- [main] hello.ProductService                     : ----------------------------------------
2019-03-12 21:59:01.643  INFO 9455 --- [main] hello.ProductService                     : Starting demo with:
2019-03-12 21:59:01.643  INFO 9455 --- [main] hello.ProductService                     : contactPoint=localhost
2019-03-12 21:59:01.643  INFO 9455 --- [main] hello.ProductService                     : speculativeRetry=false
2019-03-12 21:59:01.643  INFO 9455 --- [main] hello.ProductService                     : CL=LOCAL_QUORUM
2019-03-12 21:59:01.643  INFO 9455 --- [main] hello.ProductService                     : allowRemoteHosts=false
2019-03-12 21:59:01.643  INFO 9455 --- [main] hello.ProductService                     : ----------------------------------------
2019-03-12 21:59:01.847  INFO 9455 --- [main] com.datastax.driver.core.ClockFactory    : Using native clock to generate timestamps.
2019-03-12 21:59:02.013  INFO 9455 --- [main] com.datastax.driver.core.utils.UUIDs     : PID obtained through native call to getpid(): 9455
2019-03-12 21:59:02.077  INFO 9455 --- [main] com.datastax.driver.core.NettyUtil       : Did not find Netty's native epoll transport in the classpath, defaulting to NIO.
2019-03-12 21:59:02.356  INFO 9455 --- [main] c.d.d.c.p.DCAwareRoundRobinPolicy        : Using data-center name 'datacenter1' for DCAwareRoundRobinPolicy (if this is incorrect, please provide the correct datacenter name with DCAwareRoundRobinPolicy constructor)
2019-03-12 21:59:02.358  INFO 9455 --- [main] com.datastax.driver.core.Cluster         : New Cassandra host localhost/127.0.0.1:9042 added
2019-03-12 21:59:02.718  INFO 9455 --- [main] com.datastax.driver.core.ClockFactory    : Using native clock to generate timestamps.
2019-03-12 21:59:02.785  INFO 9455 --- [main] hello.Application                        : Started Application in 3.309 seconds (JVM running for 3.698)
